#-----------------------------------------------------------
# Vivado v2017.4 (64-bit)
# SW Build 2086221 on Fri Dec 15 20:55:39 MST 2017
# IP Build 2085800 on Fri Dec 15 22:25:07 MST 2017
# Start of session at: Wed Jun 13 16:34:44 2018
# Process ID: 10412
# Current directory: C:/Users/eray.muslu/Desktop/Vivado Projects/KnightRiderWShiftReg - Copy
# Command line: vivado.exe -gui_launcher_event rodinguilauncherevent2088 C:\Users\eray.muslu\Desktop\Vivado Projects\KnightRiderWShiftReg - Copy\KnightRiderWShiftReg.xpr
# Log file: C:/Users/eray.muslu/Desktop/Vivado Projects/KnightRiderWShiftReg - Copy/vivado.log
# Journal file: C:/Users/eray.muslu/Desktop/Vivado Projects/KnightRiderWShiftReg - Copy\vivado.jou
#-----------------------------------------------------------
start_gui
open_project {C:/Users/eray.muslu/Desktop/Vivado Projects/KnightRiderWShiftReg - Copy/KnightRiderWShiftReg.xpr}
INFO: [Project 1-313] Project file moved from 'C:/Users/eray.muslu/Desktop/Vivado Projects/KnightRiderWShiftReg' since last save.
Scanning sources...
Finished scanning sources
INFO: [IP_Flow 19-234] Refreshing IP repositories
INFO: [IP_Flow 19-1704] No user IP repositories specified
INFO: [IP_Flow 19-2313] Loaded Vivado IP repository 'C:/Xilinx/Vivado/2017.4/data/ip'.
update_compile_order -fileset sources_1
exit
INFO: [Common 17-206] Exiting Vivado at Wed Jun 13 17:11:39 2018...
