
*** Running vivado
    with args -log ShiftRegisterTop.vdi -applog -m64 -product Vivado -messageDb vivado.pb -mode batch -source ShiftRegisterTop.tcl -notrace


****** Vivado v2017.4 (64-bit)
  **** SW Build 2086221 on Fri Dec 15 20:55:39 MST 2017
  **** IP Build 2085800 on Fri Dec 15 22:25:07 MST 2017
    ** Copyright 1986-2017 Xilinx, Inc. All Rights Reserved.

source ShiftRegisterTop.tcl -notrace
Command: link_design -top ShiftRegisterTop -part xc7z020clg484-1
Design is defaulting to srcset: sources_1
Design is defaulting to constrset: constrs_1
INFO: [Netlist 29-17] Analyzing 19 Unisim elements for replacement
INFO: [Netlist 29-28] Unisim Transformation completed in 0 CPU seconds
INFO: [Project 1-479] Netlist was created with Vivado 2017.4
INFO: [Device 21-403] Loading part xc7z020clg484-1
INFO: [Project 1-570] Preparing netlist for logic optimization
Parsing XDC File [C:/Users/eray.muslu/Desktop/Vivado Projects/ShiftRegister/ShiftRegister.srcs/constrs_2/new/My_Const.xdc]
WARNING: [Vivado 12-584] No ports matched 'Pout[6]'. [C:/Users/eray.muslu/Desktop/Vivado Projects/ShiftRegister/ShiftRegister.srcs/constrs_2/new/My_Const.xdc:1]
CRITICAL WARNING: [Common 17-55] 'set_property' expects at least one object. [C:/Users/eray.muslu/Desktop/Vivado Projects/ShiftRegister/ShiftRegister.srcs/constrs_2/new/My_Const.xdc:1]
Resolution: If [get_<value>] was used to populate the object, check to make sure this command returns at least one valid object.
WARNING: [Vivado 12-584] No ports matched 'Pout[5]'. [C:/Users/eray.muslu/Desktop/Vivado Projects/ShiftRegister/ShiftRegister.srcs/constrs_2/new/My_Const.xdc:2]
CRITICAL WARNING: [Common 17-55] 'set_property' expects at least one object. [C:/Users/eray.muslu/Desktop/Vivado Projects/ShiftRegister/ShiftRegister.srcs/constrs_2/new/My_Const.xdc:2]
Resolution: If [get_<value>] was used to populate the object, check to make sure this command returns at least one valid object.
WARNING: [Vivado 12-584] No ports matched 'Pout[4]'. [C:/Users/eray.muslu/Desktop/Vivado Projects/ShiftRegister/ShiftRegister.srcs/constrs_2/new/My_Const.xdc:3]
CRITICAL WARNING: [Common 17-55] 'set_property' expects at least one object. [C:/Users/eray.muslu/Desktop/Vivado Projects/ShiftRegister/ShiftRegister.srcs/constrs_2/new/My_Const.xdc:3]
Resolution: If [get_<value>] was used to populate the object, check to make sure this command returns at least one valid object.
WARNING: [Vivado 12-584] No ports matched 'Pout[3]'. [C:/Users/eray.muslu/Desktop/Vivado Projects/ShiftRegister/ShiftRegister.srcs/constrs_2/new/My_Const.xdc:4]
CRITICAL WARNING: [Common 17-55] 'set_property' expects at least one object. [C:/Users/eray.muslu/Desktop/Vivado Projects/ShiftRegister/ShiftRegister.srcs/constrs_2/new/My_Const.xdc:4]
Resolution: If [get_<value>] was used to populate the object, check to make sure this command returns at least one valid object.
WARNING: [Vivado 12-584] No ports matched 'Pout[2]'. [C:/Users/eray.muslu/Desktop/Vivado Projects/ShiftRegister/ShiftRegister.srcs/constrs_2/new/My_Const.xdc:5]
CRITICAL WARNING: [Common 17-55] 'set_property' expects at least one object. [C:/Users/eray.muslu/Desktop/Vivado Projects/ShiftRegister/ShiftRegister.srcs/constrs_2/new/My_Const.xdc:5]
Resolution: If [get_<value>] was used to populate the object, check to make sure this command returns at least one valid object.
WARNING: [Vivado 12-584] No ports matched 'Pout[1]'. [C:/Users/eray.muslu/Desktop/Vivado Projects/ShiftRegister/ShiftRegister.srcs/constrs_2/new/My_Const.xdc:6]
CRITICAL WARNING: [Common 17-55] 'set_property' expects at least one object. [C:/Users/eray.muslu/Desktop/Vivado Projects/ShiftRegister/ShiftRegister.srcs/constrs_2/new/My_Const.xdc:6]
Resolution: If [get_<value>] was used to populate the object, check to make sure this command returns at least one valid object.
WARNING: [Vivado 12-584] No ports matched 'Pout[0]'. [C:/Users/eray.muslu/Desktop/Vivado Projects/ShiftRegister/ShiftRegister.srcs/constrs_2/new/My_Const.xdc:7]
CRITICAL WARNING: [Common 17-55] 'set_property' expects at least one object. [C:/Users/eray.muslu/Desktop/Vivado Projects/ShiftRegister/ShiftRegister.srcs/constrs_2/new/My_Const.xdc:7]
Resolution: If [get_<value>] was used to populate the object, check to make sure this command returns at least one valid object.
WARNING: [Vivado 12-584] No ports matched 'Pout[6]'. [C:/Users/eray.muslu/Desktop/Vivado Projects/ShiftRegister/ShiftRegister.srcs/constrs_2/new/My_Const.xdc:8]
CRITICAL WARNING: [Common 17-55] 'set_property' expects at least one object. [C:/Users/eray.muslu/Desktop/Vivado Projects/ShiftRegister/ShiftRegister.srcs/constrs_2/new/My_Const.xdc:8]
Resolution: If [get_<value>] was used to populate the object, check to make sure this command returns at least one valid object.
WARNING: [Vivado 12-584] No ports matched 'Pout[5]'. [C:/Users/eray.muslu/Desktop/Vivado Projects/ShiftRegister/ShiftRegister.srcs/constrs_2/new/My_Const.xdc:9]
CRITICAL WARNING: [Common 17-55] 'set_property' expects at least one object. [C:/Users/eray.muslu/Desktop/Vivado Projects/ShiftRegister/ShiftRegister.srcs/constrs_2/new/My_Const.xdc:9]
Resolution: If [get_<value>] was used to populate the object, check to make sure this command returns at least one valid object.
WARNING: [Vivado 12-584] No ports matched 'Pout[4]'. [C:/Users/eray.muslu/Desktop/Vivado Projects/ShiftRegister/ShiftRegister.srcs/constrs_2/new/My_Const.xdc:10]
CRITICAL WARNING: [Common 17-55] 'set_property' expects at least one object. [C:/Users/eray.muslu/Desktop/Vivado Projects/ShiftRegister/ShiftRegister.srcs/constrs_2/new/My_Const.xdc:10]
Resolution: If [get_<value>] was used to populate the object, check to make sure this command returns at least one valid object.
WARNING: [Vivado 12-584] No ports matched 'Pout[3]'. [C:/Users/eray.muslu/Desktop/Vivado Projects/ShiftRegister/ShiftRegister.srcs/constrs_2/new/My_Const.xdc:11]
CRITICAL WARNING: [Common 17-55] 'set_property' expects at least one object. [C:/Users/eray.muslu/Desktop/Vivado Projects/ShiftRegister/ShiftRegister.srcs/constrs_2/new/My_Const.xdc:11]
Resolution: If [get_<value>] was used to populate the object, check to make sure this command returns at least one valid object.
WARNING: [Vivado 12-584] No ports matched 'Pout[2]'. [C:/Users/eray.muslu/Desktop/Vivado Projects/ShiftRegister/ShiftRegister.srcs/constrs_2/new/My_Const.xdc:12]
CRITICAL WARNING: [Common 17-55] 'set_property' expects at least one object. [C:/Users/eray.muslu/Desktop/Vivado Projects/ShiftRegister/ShiftRegister.srcs/constrs_2/new/My_Const.xdc:12]
Resolution: If [get_<value>] was used to populate the object, check to make sure this command returns at least one valid object.
WARNING: [Vivado 12-584] No ports matched 'Pout[1]'. [C:/Users/eray.muslu/Desktop/Vivado Projects/ShiftRegister/ShiftRegister.srcs/constrs_2/new/My_Const.xdc:13]
CRITICAL WARNING: [Common 17-55] 'set_property' expects at least one object. [C:/Users/eray.muslu/Desktop/Vivado Projects/ShiftRegister/ShiftRegister.srcs/constrs_2/new/My_Const.xdc:13]
Resolution: If [get_<value>] was used to populate the object, check to make sure this command returns at least one valid object.
WARNING: [Vivado 12-584] No ports matched 'Pout[0]'. [C:/Users/eray.muslu/Desktop/Vivado Projects/ShiftRegister/ShiftRegister.srcs/constrs_2/new/My_Const.xdc:14]
CRITICAL WARNING: [Common 17-55] 'set_property' expects at least one object. [C:/Users/eray.muslu/Desktop/Vivado Projects/ShiftRegister/ShiftRegister.srcs/constrs_2/new/My_Const.xdc:14]
Resolution: If [get_<value>] was used to populate the object, check to make sure this command returns at least one valid object.
WARNING: [Vivado 12-584] No ports matched 'reset'. [C:/Users/eray.muslu/Desktop/Vivado Projects/ShiftRegister/ShiftRegister.srcs/constrs_2/new/My_Const.xdc:15]
CRITICAL WARNING: [Common 17-55] 'set_property' expects at least one object. [C:/Users/eray.muslu/Desktop/Vivado Projects/ShiftRegister/ShiftRegister.srcs/constrs_2/new/My_Const.xdc:15]
Resolution: If [get_<value>] was used to populate the object, check to make sure this command returns at least one valid object.
WARNING: [Vivado 12-584] No ports matched 'clock_out'. [C:/Users/eray.muslu/Desktop/Vivado Projects/ShiftRegister/ShiftRegister.srcs/constrs_2/new/My_Const.xdc:16]
CRITICAL WARNING: [Common 17-55] 'set_property' expects at least one object. [C:/Users/eray.muslu/Desktop/Vivado Projects/ShiftRegister/ShiftRegister.srcs/constrs_2/new/My_Const.xdc:16]
Resolution: If [get_<value>] was used to populate the object, check to make sure this command returns at least one valid object.
WARNING: [Vivado 12-584] No ports matched 'clk'. [C:/Users/eray.muslu/Desktop/Vivado Projects/ShiftRegister/ShiftRegister.srcs/constrs_2/new/My_Const.xdc:17]
CRITICAL WARNING: [Common 17-55] 'set_property' expects at least one object. [C:/Users/eray.muslu/Desktop/Vivado Projects/ShiftRegister/ShiftRegister.srcs/constrs_2/new/My_Const.xdc:17]
Resolution: If [get_<value>] was used to populate the object, check to make sure this command returns at least one valid object.
WARNING: [Vivado 12-584] No ports matched 'clk'. [C:/Users/eray.muslu/Desktop/Vivado Projects/ShiftRegister/ShiftRegister.srcs/constrs_2/new/My_Const.xdc:18]
CRITICAL WARNING: [Common 17-55] 'set_property' expects at least one object. [C:/Users/eray.muslu/Desktop/Vivado Projects/ShiftRegister/ShiftRegister.srcs/constrs_2/new/My_Const.xdc:18]
Resolution: If [get_<value>] was used to populate the object, check to make sure this command returns at least one valid object.
WARNING: [Vivado 12-584] No ports matched 'clock_out'. [C:/Users/eray.muslu/Desktop/Vivado Projects/ShiftRegister/ShiftRegister.srcs/constrs_2/new/My_Const.xdc:19]
CRITICAL WARNING: [Common 17-55] 'set_property' expects at least one object. [C:/Users/eray.muslu/Desktop/Vivado Projects/ShiftRegister/ShiftRegister.srcs/constrs_2/new/My_Const.xdc:19]
Resolution: If [get_<value>] was used to populate the object, check to make sure this command returns at least one valid object.
WARNING: [Vivado 12-584] No ports matched 'reset'. [C:/Users/eray.muslu/Desktop/Vivado Projects/ShiftRegister/ShiftRegister.srcs/constrs_2/new/My_Const.xdc:20]
CRITICAL WARNING: [Common 17-55] 'set_property' expects at least one object. [C:/Users/eray.muslu/Desktop/Vivado Projects/ShiftRegister/ShiftRegister.srcs/constrs_2/new/My_Const.xdc:20]
Resolution: If [get_<value>] was used to populate the object, check to make sure this command returns at least one valid object.
WARNING: [Vivado 12-584] No ports matched 'Sin'. [C:/Users/eray.muslu/Desktop/Vivado Projects/ShiftRegister/ShiftRegister.srcs/constrs_2/new/My_Const.xdc:21]
CRITICAL WARNING: [Common 17-55] 'set_property' expects at least one object. [C:/Users/eray.muslu/Desktop/Vivado Projects/ShiftRegister/ShiftRegister.srcs/constrs_2/new/My_Const.xdc:21]
Resolution: If [get_<value>] was used to populate the object, check to make sure this command returns at least one valid object.
WARNING: [Vivado 12-584] No ports matched 'Direction'. [C:/Users/eray.muslu/Desktop/Vivado Projects/ShiftRegister/ShiftRegister.srcs/constrs_2/new/My_Const.xdc:23]
CRITICAL WARNING: [Common 17-55] 'set_property' expects at least one object. [C:/Users/eray.muslu/Desktop/Vivado Projects/ShiftRegister/ShiftRegister.srcs/constrs_2/new/My_Const.xdc:23]
Resolution: If [get_<value>] was used to populate the object, check to make sure this command returns at least one valid object.
WARNING: [Vivado 12-584] No ports matched 'Direction'. [C:/Users/eray.muslu/Desktop/Vivado Projects/ShiftRegister/ShiftRegister.srcs/constrs_2/new/My_Const.xdc:24]
CRITICAL WARNING: [Common 17-55] 'set_property' expects at least one object. [C:/Users/eray.muslu/Desktop/Vivado Projects/ShiftRegister/ShiftRegister.srcs/constrs_2/new/My_Const.xdc:24]
Resolution: If [get_<value>] was used to populate the object, check to make sure this command returns at least one valid object.
WARNING: [Vivado 12-584] No ports matched 'Pin[5]'. [C:/Users/eray.muslu/Desktop/Vivado Projects/ShiftRegister/ShiftRegister.srcs/constrs_2/new/My_Const.xdc:26]
CRITICAL WARNING: [Common 17-55] 'set_property' expects at least one object. [C:/Users/eray.muslu/Desktop/Vivado Projects/ShiftRegister/ShiftRegister.srcs/constrs_2/new/My_Const.xdc:26]
Resolution: If [get_<value>] was used to populate the object, check to make sure this command returns at least one valid object.
WARNING: [Vivado 12-584] No ports matched 'Pin[5]'. [C:/Users/eray.muslu/Desktop/Vivado Projects/ShiftRegister/ShiftRegister.srcs/constrs_2/new/My_Const.xdc:27]
CRITICAL WARNING: [Common 17-55] 'set_property' expects at least one object. [C:/Users/eray.muslu/Desktop/Vivado Projects/ShiftRegister/ShiftRegister.srcs/constrs_2/new/My_Const.xdc:27]
Resolution: If [get_<value>] was used to populate the object, check to make sure this command returns at least one valid object.
WARNING: [Vivado 12-584] No ports matched 'Pin[4]'. [C:/Users/eray.muslu/Desktop/Vivado Projects/ShiftRegister/ShiftRegister.srcs/constrs_2/new/My_Const.xdc:28]
CRITICAL WARNING: [Common 17-55] 'set_property' expects at least one object. [C:/Users/eray.muslu/Desktop/Vivado Projects/ShiftRegister/ShiftRegister.srcs/constrs_2/new/My_Const.xdc:28]
Resolution: If [get_<value>] was used to populate the object, check to make sure this command returns at least one valid object.
WARNING: [Vivado 12-584] No ports matched 'Pin[4]'. [C:/Users/eray.muslu/Desktop/Vivado Projects/ShiftRegister/ShiftRegister.srcs/constrs_2/new/My_Const.xdc:29]
CRITICAL WARNING: [Common 17-55] 'set_property' expects at least one object. [C:/Users/eray.muslu/Desktop/Vivado Projects/ShiftRegister/ShiftRegister.srcs/constrs_2/new/My_Const.xdc:29]
Resolution: If [get_<value>] was used to populate the object, check to make sure this command returns at least one valid object.
WARNING: [Vivado 12-584] No ports matched 'Pin[3]'. [C:/Users/eray.muslu/Desktop/Vivado Projects/ShiftRegister/ShiftRegister.srcs/constrs_2/new/My_Const.xdc:30]
CRITICAL WARNING: [Common 17-55] 'set_property' expects at least one object. [C:/Users/eray.muslu/Desktop/Vivado Projects/ShiftRegister/ShiftRegister.srcs/constrs_2/new/My_Const.xdc:30]
Resolution: If [get_<value>] was used to populate the object, check to make sure this command returns at least one valid object.
WARNING: [Vivado 12-584] No ports matched 'Pin[3]'. [C:/Users/eray.muslu/Desktop/Vivado Projects/ShiftRegister/ShiftRegister.srcs/constrs_2/new/My_Const.xdc:31]
CRITICAL WARNING: [Common 17-55] 'set_property' expects at least one object. [C:/Users/eray.muslu/Desktop/Vivado Projects/ShiftRegister/ShiftRegister.srcs/constrs_2/new/My_Const.xdc:31]
Resolution: If [get_<value>] was used to populate the object, check to make sure this command returns at least one valid object.
WARNING: [Vivado 12-584] No ports matched 'Pin[2]'. [C:/Users/eray.muslu/Desktop/Vivado Projects/ShiftRegister/ShiftRegister.srcs/constrs_2/new/My_Const.xdc:32]
CRITICAL WARNING: [Common 17-55] 'set_property' expects at least one object. [C:/Users/eray.muslu/Desktop/Vivado Projects/ShiftRegister/ShiftRegister.srcs/constrs_2/new/My_Const.xdc:32]
Resolution: If [get_<value>] was used to populate the object, check to make sure this command returns at least one valid object.
WARNING: [Vivado 12-584] No ports matched 'Pin[2]'. [C:/Users/eray.muslu/Desktop/Vivado Projects/ShiftRegister/ShiftRegister.srcs/constrs_2/new/My_Const.xdc:33]
CRITICAL WARNING: [Common 17-55] 'set_property' expects at least one object. [C:/Users/eray.muslu/Desktop/Vivado Projects/ShiftRegister/ShiftRegister.srcs/constrs_2/new/My_Const.xdc:33]
Resolution: If [get_<value>] was used to populate the object, check to make sure this command returns at least one valid object.
WARNING: [Vivado 12-584] No ports matched 'Pin[1]'. [C:/Users/eray.muslu/Desktop/Vivado Projects/ShiftRegister/ShiftRegister.srcs/constrs_2/new/My_Const.xdc:34]
CRITICAL WARNING: [Common 17-55] 'set_property' expects at least one object. [C:/Users/eray.muslu/Desktop/Vivado Projects/ShiftRegister/ShiftRegister.srcs/constrs_2/new/My_Const.xdc:34]
Resolution: If [get_<value>] was used to populate the object, check to make sure this command returns at least one valid object.
WARNING: [Vivado 12-584] No ports matched 'Pin[1]'. [C:/Users/eray.muslu/Desktop/Vivado Projects/ShiftRegister/ShiftRegister.srcs/constrs_2/new/My_Const.xdc:35]
CRITICAL WARNING: [Common 17-55] 'set_property' expects at least one object. [C:/Users/eray.muslu/Desktop/Vivado Projects/ShiftRegister/ShiftRegister.srcs/constrs_2/new/My_Const.xdc:35]
Resolution: If [get_<value>] was used to populate the object, check to make sure this command returns at least one valid object.
WARNING: [Vivado 12-584] No ports matched 'Pin[0]'. [C:/Users/eray.muslu/Desktop/Vivado Projects/ShiftRegister/ShiftRegister.srcs/constrs_2/new/My_Const.xdc:36]
CRITICAL WARNING: [Common 17-55] 'set_property' expects at least one object. [C:/Users/eray.muslu/Desktop/Vivado Projects/ShiftRegister/ShiftRegister.srcs/constrs_2/new/My_Const.xdc:36]
Resolution: If [get_<value>] was used to populate the object, check to make sure this command returns at least one valid object.
WARNING: [Vivado 12-584] No ports matched 'Pin[0]'. [C:/Users/eray.muslu/Desktop/Vivado Projects/ShiftRegister/ShiftRegister.srcs/constrs_2/new/My_Const.xdc:37]
CRITICAL WARNING: [Common 17-55] 'set_property' expects at least one object. [C:/Users/eray.muslu/Desktop/Vivado Projects/ShiftRegister/ShiftRegister.srcs/constrs_2/new/My_Const.xdc:37]
Resolution: If [get_<value>] was used to populate the object, check to make sure this command returns at least one valid object.
WARNING: [Vivado 12-584] No ports matched 'S[1]'. [C:/Users/eray.muslu/Desktop/Vivado Projects/ShiftRegister/ShiftRegister.srcs/constrs_2/new/My_Const.xdc:38]
CRITICAL WARNING: [Common 17-55] 'set_property' expects at least one object. [C:/Users/eray.muslu/Desktop/Vivado Projects/ShiftRegister/ShiftRegister.srcs/constrs_2/new/My_Const.xdc:38]
Resolution: If [get_<value>] was used to populate the object, check to make sure this command returns at least one valid object.
WARNING: [Vivado 12-584] No ports matched 'S[1]'. [C:/Users/eray.muslu/Desktop/Vivado Projects/ShiftRegister/ShiftRegister.srcs/constrs_2/new/My_Const.xdc:39]
CRITICAL WARNING: [Common 17-55] 'set_property' expects at least one object. [C:/Users/eray.muslu/Desktop/Vivado Projects/ShiftRegister/ShiftRegister.srcs/constrs_2/new/My_Const.xdc:39]
Resolution: If [get_<value>] was used to populate the object, check to make sure this command returns at least one valid object.
WARNING: [Vivado 12-584] No ports matched 'S[0]'. [C:/Users/eray.muslu/Desktop/Vivado Projects/ShiftRegister/ShiftRegister.srcs/constrs_2/new/My_Const.xdc:40]
CRITICAL WARNING: [Common 17-55] 'set_property' expects at least one object. [C:/Users/eray.muslu/Desktop/Vivado Projects/ShiftRegister/ShiftRegister.srcs/constrs_2/new/My_Const.xdc:40]
Resolution: If [get_<value>] was used to populate the object, check to make sure this command returns at least one valid object.
WARNING: [Vivado 12-584] No ports matched 'S[0]'. [C:/Users/eray.muslu/Desktop/Vivado Projects/ShiftRegister/ShiftRegister.srcs/constrs_2/new/My_Const.xdc:41]
CRITICAL WARNING: [Common 17-55] 'set_property' expects at least one object. [C:/Users/eray.muslu/Desktop/Vivado Projects/ShiftRegister/ShiftRegister.srcs/constrs_2/new/My_Const.xdc:41]
Resolution: If [get_<value>] was used to populate the object, check to make sure this command returns at least one valid object.
WARNING: [Vivado 12-584] No ports matched 'Sin'. [C:/Users/eray.muslu/Desktop/Vivado Projects/ShiftRegister/ShiftRegister.srcs/constrs_2/new/My_Const.xdc:42]
CRITICAL WARNING: [Common 17-55] 'set_property' expects at least one object. [C:/Users/eray.muslu/Desktop/Vivado Projects/ShiftRegister/ShiftRegister.srcs/constrs_2/new/My_Const.xdc:42]
Resolution: If [get_<value>] was used to populate the object, check to make sure this command returns at least one valid object.
WARNING: [Vivado 12-584] No ports matched 'Sin'. [C:/Users/eray.muslu/Desktop/Vivado Projects/ShiftRegister/ShiftRegister.srcs/constrs_2/new/My_Const.xdc:44]
CRITICAL WARNING: [Common 17-55] 'set_property' expects at least one object. [C:/Users/eray.muslu/Desktop/Vivado Projects/ShiftRegister/ShiftRegister.srcs/constrs_2/new/My_Const.xdc:44]
Resolution: If [get_<value>] was used to populate the object, check to make sure this command returns at least one valid object.
WARNING: [Vivado 12-584] No ports matched 'Pin_top[6]'. [C:/Users/eray.muslu/Desktop/Vivado Projects/ShiftRegister/ShiftRegister.srcs/constrs_2/new/My_Const.xdc:52]
CRITICAL WARNING: [Common 17-55] 'set_property' expects at least one object. [C:/Users/eray.muslu/Desktop/Vivado Projects/ShiftRegister/ShiftRegister.srcs/constrs_2/new/My_Const.xdc:52]
Resolution: If [get_<value>] was used to populate the object, check to make sure this command returns at least one valid object.
WARNING: [Vivado 12-584] No ports matched 'Pin_top[6]'. [C:/Users/eray.muslu/Desktop/Vivado Projects/ShiftRegister/ShiftRegister.srcs/constrs_2/new/My_Const.xdc:53]
CRITICAL WARNING: [Common 17-55] 'set_property' expects at least one object. [C:/Users/eray.muslu/Desktop/Vivado Projects/ShiftRegister/ShiftRegister.srcs/constrs_2/new/My_Const.xdc:53]
Resolution: If [get_<value>] was used to populate the object, check to make sure this command returns at least one valid object.
Finished Parsing XDC File [C:/Users/eray.muslu/Desktop/Vivado Projects/ShiftRegister/ShiftRegister.srcs/constrs_2/new/My_Const.xdc]
INFO: [Opt 31-138] Pushed 0 inverter(s) to 0 load pin(s).
INFO: [Project 1-111] Unisim Transformation Summary:
No Unisim elements were transformed.

7 Infos, 43 Warnings, 43 Critical Warnings and 0 Errors encountered.
link_design completed successfully
link_design: Time (s): cpu = 00:00:06 ; elapsed = 00:00:07 . Memory (MB): peak = 575.297 ; gain = 338.805
Command: opt_design
Attempting to get a license for feature 'Implementation' and/or device 'xc7z020'
INFO: [Common 17-349] Got license for feature 'Implementation' and/or device 'xc7z020'
Running DRC as a precondition to command opt_design

Starting DRC Task
INFO: [DRC 23-27] Running DRC with 2 threads
INFO: [Project 1-461] DRC finished with 0 Errors
INFO: [Project 1-462] Please refer to the DRC report (report_drc) for more information.

Time (s): cpu = 00:00:00 ; elapsed = 00:00:00.416 . Memory (MB): peak = 587.551 ; gain = 12.254
INFO: [Timing 38-35] Done setting XDC timing constraints.

Starting Logic Optimization Task

Phase 1 Retarget
INFO: [Opt 31-138] Pushed 0 inverter(s) to 0 load pin(s).
INFO: [Opt 31-49] Retargeted 0 cell(s).
Phase 1 Retarget | Checksum: a17fb09f

Time (s): cpu = 00:00:00 ; elapsed = 00:00:00.008 . Memory (MB): peak = 1138.355 ; gain = 0.000
INFO: [Opt 31-389] Phase Retarget created 0 cells and removed 0 cells

Phase 2 Constant propagation
INFO: [Opt 31-138] Pushed 0 inverter(s) to 0 load pin(s).
Phase 2 Constant propagation | Checksum: a17fb09f

Time (s): cpu = 00:00:00 ; elapsed = 00:00:00.010 . Memory (MB): peak = 1138.355 ; gain = 0.000
INFO: [Opt 31-389] Phase Constant propagation created 0 cells and removed 0 cells

Phase 3 Sweep
Phase 3 Sweep | Checksum: 5853386a

Time (s): cpu = 00:00:00 ; elapsed = 00:00:00.013 . Memory (MB): peak = 1138.355 ; gain = 0.000
INFO: [Opt 31-389] Phase Sweep created 0 cells and removed 0 cells

Phase 4 BUFG optimization
Phase 4 BUFG optimization | Checksum: 5853386a

Time (s): cpu = 00:00:00 ; elapsed = 00:00:00.016 . Memory (MB): peak = 1138.355 ; gain = 0.000
INFO: [Opt 31-389] Phase BUFG optimization created 0 cells and removed 0 cells

Phase 5 Shift Register Optimization
Phase 5 Shift Register Optimization | Checksum: 5853386a

Time (s): cpu = 00:00:00 ; elapsed = 00:00:00.017 . Memory (MB): peak = 1138.355 ; gain = 0.000
INFO: [Opt 31-389] Phase Shift Register Optimization created 0 cells and removed 0 cells

Starting Connectivity Check Task

Time (s): cpu = 00:00:00 ; elapsed = 00:00:00 . Memory (MB): peak = 1138.355 ; gain = 0.000
Ending Logic Optimization Task | Checksum: 5853386a

Time (s): cpu = 00:00:00 ; elapsed = 00:00:00.019 . Memory (MB): peak = 1138.355 ; gain = 0.000

Starting Power Optimization Task
INFO: [Pwropt 34-132] Skipping clock gating for clocks with a period < 2.00 ns.
Ending Power Optimization Task | Checksum: 1b7c65c8c

Time (s): cpu = 00:00:00 ; elapsed = 00:00:00.005 . Memory (MB): peak = 1138.355 ; gain = 0.000
INFO: [Common 17-83] Releasing license: Implementation
22 Infos, 43 Warnings, 43 Critical Warnings and 0 Errors encountered.
opt_design completed successfully
opt_design: Time (s): cpu = 00:00:09 ; elapsed = 00:00:10 . Memory (MB): peak = 1138.355 ; gain = 563.059
Writing placer database...
Writing XDEF routing.
Writing XDEF routing logical nets.
Writing XDEF routing special nets.
Write XDEF Complete: Time (s): cpu = 00:00:01 ; elapsed = 00:00:00.049 . Memory (MB): peak = 1138.355 ; gain = 0.000
INFO: [Common 17-1381] The checkpoint 'C:/Users/eray.muslu/Desktop/Vivado Projects/ShiftRegister/ShiftRegister.runs/impl_1/ShiftRegisterTop_opt.dcp' has been generated.
INFO: [runtcl-4] Executing : report_drc -file ShiftRegisterTop_drc_opted.rpt -pb ShiftRegisterTop_drc_opted.pb -rpx ShiftRegisterTop_drc_opted.rpx
Command: report_drc -file ShiftRegisterTop_drc_opted.rpt -pb ShiftRegisterTop_drc_opted.pb -rpx ShiftRegisterTop_drc_opted.rpx
INFO: [IP_Flow 19-234] Refreshing IP repositories
INFO: [IP_Flow 19-1704] No user IP repositories specified
INFO: [IP_Flow 19-2313] Loaded Vivado IP repository 'C:/Xilinx/Vivado/2017.4/data/ip'.
INFO: [DRC 23-27] Running DRC with 2 threads
INFO: [Coretcl 2-168] The results of DRC are in file C:/Users/eray.muslu/Desktop/Vivado Projects/ShiftRegister/ShiftRegister.runs/impl_1/ShiftRegisterTop_drc_opted.rpt.
report_drc completed successfully
INFO: [Chipscope 16-241] No debug cores found in the current design.
Before running the implement_debug_core command, either use the Set Up Debug wizard (GUI mode)
or use the create_debug_core and connect_debug_core Tcl commands to insert debug cores into the design.
Command: place_design
Attempting to get a license for feature 'Implementation' and/or device 'xc7z020'
INFO: [Common 17-349] Got license for feature 'Implementation' and/or device 'xc7z020'
INFO: [DRC 23-27] Running DRC with 2 threads
INFO: [Vivado_Tcl 4-198] DRC finished with 0 Errors
INFO: [Vivado_Tcl 4-199] Please refer to the DRC report (report_drc) for more information.
Running DRC as a precondition to command place_design
INFO: [DRC 23-27] Running DRC with 2 threads
INFO: [Vivado_Tcl 4-198] DRC finished with 0 Errors
INFO: [Vivado_Tcl 4-199] Please refer to the DRC report (report_drc) for more information.

Starting Placer Task
INFO: [Place 30-611] Multithreading enabled for place_design using a maximum of 2 CPUs

Phase 1 Placer Initialization

Phase 1.1 Placer Initialization Netlist Sorting
Netlist sorting complete. Time (s): cpu = 00:00:00 ; elapsed = 00:00:00 . Memory (MB): peak = 1138.355 ; gain = 0.000
Phase 1.1 Placer Initialization Netlist Sorting | Checksum: c3548cf6

Time (s): cpu = 00:00:00 ; elapsed = 00:00:00.002 . Memory (MB): peak = 1138.355 ; gain = 0.000
INFO: [Timing 38-35] Done setting XDC timing constraints.
INFO: [Opt 31-138] Pushed 0 inverter(s) to 0 load pin(s).
Netlist sorting complete. Time (s): cpu = 00:00:00 ; elapsed = 00:00:00 . Memory (MB): peak = 1138.355 ; gain = 0.000

Phase 1.2 IO Placement/ Clock Placement/ Build Placer Device
INFO: [Timing 38-35] Done setting XDC timing constraints.
Phase 1.2 IO Placement/ Clock Placement/ Build Placer Device | Checksum: b80efdec

Time (s): cpu = 00:00:01 ; elapsed = 00:00:00.755 . Memory (MB): peak = 1138.355 ; gain = 0.000

Phase 1.3 Build Placer Netlist Model
Phase 1.3 Build Placer Netlist Model | Checksum: 15f237405

Time (s): cpu = 00:00:01 ; elapsed = 00:00:00.783 . Memory (MB): peak = 1138.355 ; gain = 0.000

Phase 1.4 Constrain Clocks/Macros
Phase 1.4 Constrain Clocks/Macros | Checksum: 15f237405

Time (s): cpu = 00:00:01 ; elapsed = 00:00:00.785 . Memory (MB): peak = 1138.355 ; gain = 0.000
Phase 1 Placer Initialization | Checksum: 15f237405

Time (s): cpu = 00:00:01 ; elapsed = 00:00:00.786 . Memory (MB): peak = 1138.355 ; gain = 0.000

Phase 2 Global Placement
Phase 2 Global Placement | Checksum: 19c22b818

Time (s): cpu = 00:00:01 ; elapsed = 00:00:01 . Memory (MB): peak = 1138.355 ; gain = 0.000

Phase 3 Detail Placement

Phase 3.1 Commit Multi Column Macros
Phase 3.1 Commit Multi Column Macros | Checksum: 19c22b818

Time (s): cpu = 00:00:01 ; elapsed = 00:00:01 . Memory (MB): peak = 1138.355 ; gain = 0.000

Phase 3.2 Commit Most Macros & LUTRAMs
Phase 3.2 Commit Most Macros & LUTRAMs | Checksum: b642b0c4

Time (s): cpu = 00:00:01 ; elapsed = 00:00:01 . Memory (MB): peak = 1138.355 ; gain = 0.000

Phase 3.3 Area Swap Optimization
Phase 3.3 Area Swap Optimization | Checksum: b147ca9d

Time (s): cpu = 00:00:01 ; elapsed = 00:00:01 . Memory (MB): peak = 1138.355 ; gain = 0.000

Phase 3.4 Pipeline Register Optimization
Phase 3.4 Pipeline Register Optimization | Checksum: b147ca9d

Time (s): cpu = 00:00:01 ; elapsed = 00:00:01 . Memory (MB): peak = 1138.355 ; gain = 0.000

Phase 3.5 Small Shape Detail Placement
Phase 3.5 Small Shape Detail Placement | Checksum: 17d2e85a3

Time (s): cpu = 00:00:01 ; elapsed = 00:00:01 . Memory (MB): peak = 1138.355 ; gain = 0.000

Phase 3.6 Re-assign LUT pins
Phase 3.6 Re-assign LUT pins | Checksum: 17d2e85a3

Time (s): cpu = 00:00:01 ; elapsed = 00:00:01 . Memory (MB): peak = 1138.355 ; gain = 0.000

Phase 3.7 Pipeline Register Optimization
Phase 3.7 Pipeline Register Optimization | Checksum: 17d2e85a3

Time (s): cpu = 00:00:01 ; elapsed = 00:00:01 . Memory (MB): peak = 1138.355 ; gain = 0.000
Phase 3 Detail Placement | Checksum: 17d2e85a3

Time (s): cpu = 00:00:01 ; elapsed = 00:00:01 . Memory (MB): peak = 1138.355 ; gain = 0.000

Phase 4 Post Placement Optimization and Clean-Up

Phase 4.1 Post Commit Optimization
Phase 4.1 Post Commit Optimization | Checksum: 17d2e85a3

Time (s): cpu = 00:00:01 ; elapsed = 00:00:01 . Memory (MB): peak = 1138.355 ; gain = 0.000

Phase 4.2 Post Placement Cleanup
Phase 4.2 Post Placement Cleanup | Checksum: 17d2e85a3

Time (s): cpu = 00:00:01 ; elapsed = 00:00:01 . Memory (MB): peak = 1138.355 ; gain = 0.000

Phase 4.3 Placer Reporting
Phase 4.3 Placer Reporting | Checksum: 17d2e85a3

Time (s): cpu = 00:00:01 ; elapsed = 00:00:01 . Memory (MB): peak = 1138.355 ; gain = 0.000

Phase 4.4 Final Placement Cleanup
Phase 4.4 Final Placement Cleanup | Checksum: 1c0dd10e6

Time (s): cpu = 00:00:01 ; elapsed = 00:00:01 . Memory (MB): peak = 1138.355 ; gain = 0.000
Phase 4 Post Placement Optimization and Clean-Up | Checksum: 1c0dd10e6

Time (s): cpu = 00:00:01 ; elapsed = 00:00:01 . Memory (MB): peak = 1138.355 ; gain = 0.000
Ending Placer Task | Checksum: 1081e8b70

Time (s): cpu = 00:00:01 ; elapsed = 00:00:01 . Memory (MB): peak = 1138.355 ; gain = 0.000
INFO: [Common 17-83] Releasing license: Implementation
42 Infos, 43 Warnings, 43 Critical Warnings and 0 Errors encountered.
place_design completed successfully
Writing placer database...
Writing XDEF routing.
Writing XDEF routing logical nets.
Writing XDEF routing special nets.
Write XDEF Complete: Time (s): cpu = 00:00:00 ; elapsed = 00:00:00.053 . Memory (MB): peak = 1138.355 ; gain = 0.000
INFO: [Common 17-1381] The checkpoint 'C:/Users/eray.muslu/Desktop/Vivado Projects/ShiftRegister/ShiftRegister.runs/impl_1/ShiftRegisterTop_placed.dcp' has been generated.
INFO: [runtcl-4] Executing : report_io -file ShiftRegisterTop_io_placed.rpt
report_io: Time (s): cpu = 00:00:01 ; elapsed = 00:00:00.049 . Memory (MB): peak = 1138.355 ; gain = 0.000
INFO: [runtcl-4] Executing : report_utilization -file ShiftRegisterTop_utilization_placed.rpt -pb ShiftRegisterTop_utilization_placed.pb
report_utilization: Time (s): cpu = 00:00:00 ; elapsed = 00:00:00.038 . Memory (MB): peak = 1138.355 ; gain = 0.000
INFO: [runtcl-4] Executing : report_control_sets -verbose -file ShiftRegisterTop_control_sets_placed.rpt
report_control_sets: Time (s): cpu = 00:00:00 ; elapsed = 00:00:00.004 . Memory (MB): peak = 1138.355 ; gain = 0.000
Command: route_design
Attempting to get a license for feature 'Implementation' and/or device 'xc7z020'
INFO: [Common 17-349] Got license for feature 'Implementation' and/or device 'xc7z020'
Running DRC as a precondition to command route_design
INFO: [DRC 23-27] Running DRC with 2 threads
INFO: [Vivado_Tcl 4-198] DRC finished with 0 Errors
INFO: [Vivado_Tcl 4-199] Please refer to the DRC report (report_drc) for more information.


Starting Routing Task
INFO: [Route 35-254] Multithreading enabled for route_design using a maximum of 2 CPUs
Checksum: PlaceDB: 6d7ab514 ConstDB: 0 ShapeSum: 9aa3d65c RouteDB: 0

Phase 1 Build RT Design
Phase 1 Build RT Design | Checksum: 18cc2764d

Time (s): cpu = 00:00:23 ; elapsed = 00:00:20 . Memory (MB): peak = 1268.102 ; gain = 129.746
Post Restoration Checksum: NetGraph: b56c23e5 NumContArr: d7565268 Constraints: 0 Timing: 0

Phase 2 Router Initialization
INFO: [Route 35-64] No timing constraints were detected. The router will operate in resource-optimization mode.

Phase 2.1 Fix Topology Constraints
Phase 2.1 Fix Topology Constraints | Checksum: 18cc2764d

Time (s): cpu = 00:00:23 ; elapsed = 00:00:20 . Memory (MB): peak = 1274.875 ; gain = 136.520

Phase 2.2 Pre Route Cleanup
Phase 2.2 Pre Route Cleanup | Checksum: 18cc2764d

Time (s): cpu = 00:00:23 ; elapsed = 00:00:20 . Memory (MB): peak = 1274.875 ; gain = 136.520
 Number of Nodes with overlaps = 0
Phase 2 Router Initialization | Checksum: 157ae046b

Time (s): cpu = 00:00:23 ; elapsed = 00:00:21 . Memory (MB): peak = 1286.148 ; gain = 147.793

Phase 3 Initial Routing
Phase 3 Initial Routing | Checksum: 1252ae923

Time (s): cpu = 00:00:23 ; elapsed = 00:00:21 . Memory (MB): peak = 1286.148 ; gain = 147.793

Phase 4 Rip-up And Reroute

Phase 4.1 Global Iteration 0
 Number of Nodes with overlaps = 2
 Number of Nodes with overlaps = 0
Phase 4.1 Global Iteration 0 | Checksum: 17b45ffde

Time (s): cpu = 00:00:23 ; elapsed = 00:00:21 . Memory (MB): peak = 1286.148 ; gain = 147.793
Phase 4 Rip-up And Reroute | Checksum: 17b45ffde

Time (s): cpu = 00:00:23 ; elapsed = 00:00:21 . Memory (MB): peak = 1286.148 ; gain = 147.793

Phase 5 Delay and Skew Optimization
Phase 5 Delay and Skew Optimization | Checksum: 17b45ffde

Time (s): cpu = 00:00:23 ; elapsed = 00:00:21 . Memory (MB): peak = 1286.148 ; gain = 147.793

Phase 6 Post Hold Fix

Phase 6.1 Hold Fix Iter
Phase 6.1 Hold Fix Iter | Checksum: 17b45ffde

Time (s): cpu = 00:00:23 ; elapsed = 00:00:21 . Memory (MB): peak = 1286.148 ; gain = 147.793
Phase 6 Post Hold Fix | Checksum: 17b45ffde

Time (s): cpu = 00:00:23 ; elapsed = 00:00:21 . Memory (MB): peak = 1286.148 ; gain = 147.793

Phase 7 Route finalize

Router Utilization Summary
  Global Vertical Routing Utilization    = 0.0333437 %
  Global Horizontal Routing Utilization  = 0.00988844 %
  Routable Net Status*
  *Does not include unroutable nets such as driverless and loadless.
  Run report_route_status for detailed report.
  Number of Failed Nets               = 0
  Number of Unrouted Nets             = 0
  Number of Partially Routed Nets     = 0
  Number of Node Overlaps             = 0

Utilization threshold used for congestion level computation: 0.85
Congestion Report
North Dir 1x1 Area, Max Cong = 27.027%, No Congested Regions.
South Dir 1x1 Area, Max Cong = 16.2162%, No Congested Regions.
East Dir 1x1 Area, Max Cong = 10.2941%, No Congested Regions.
West Dir 1x1 Area, Max Cong = 13.2353%, No Congested Regions.
Phase 7 Route finalize | Checksum: 17b45ffde

Time (s): cpu = 00:00:23 ; elapsed = 00:00:21 . Memory (MB): peak = 1286.148 ; gain = 147.793

Phase 8 Verifying routed nets

 Verification completed successfully
Phase 8 Verifying routed nets | Checksum: 17b45ffde

Time (s): cpu = 00:00:23 ; elapsed = 00:00:21 . Memory (MB): peak = 1286.148 ; gain = 147.793

Phase 9 Depositing Routes
Phase 9 Depositing Routes | Checksum: 1ba4cc74a

Time (s): cpu = 00:00:23 ; elapsed = 00:00:21 . Memory (MB): peak = 1286.148 ; gain = 147.793
INFO: [Route 35-16] Router Completed Successfully

Time (s): cpu = 00:00:23 ; elapsed = 00:00:21 . Memory (MB): peak = 1286.148 ; gain = 147.793

Routing Is Done.
INFO: [Common 17-83] Releasing license: Implementation
54 Infos, 43 Warnings, 43 Critical Warnings and 0 Errors encountered.
route_design completed successfully
route_design: Time (s): cpu = 00:00:24 ; elapsed = 00:00:21 . Memory (MB): peak = 1286.148 ; gain = 147.793
Writing placer database...
Writing XDEF routing.
Writing XDEF routing logical nets.
Writing XDEF routing special nets.
Write XDEF Complete: Time (s): cpu = 00:00:00 ; elapsed = 00:00:00.056 . Memory (MB): peak = 1286.148 ; gain = 0.000
INFO: [Common 17-1381] The checkpoint 'C:/Users/eray.muslu/Desktop/Vivado Projects/ShiftRegister/ShiftRegister.runs/impl_1/ShiftRegisterTop_routed.dcp' has been generated.
INFO: [runtcl-4] Executing : report_drc -file ShiftRegisterTop_drc_routed.rpt -pb ShiftRegisterTop_drc_routed.pb -rpx ShiftRegisterTop_drc_routed.rpx
Command: report_drc -file ShiftRegisterTop_drc_routed.rpt -pb ShiftRegisterTop_drc_routed.pb -rpx ShiftRegisterTop_drc_routed.rpx
INFO: [IP_Flow 19-1839] IP Catalog is up to date.
INFO: [DRC 23-27] Running DRC with 2 threads
INFO: [Coretcl 2-168] The results of DRC are in file C:/Users/eray.muslu/Desktop/Vivado Projects/ShiftRegister/ShiftRegister.runs/impl_1/ShiftRegisterTop_drc_routed.rpt.
report_drc completed successfully
INFO: [runtcl-4] Executing : report_methodology -file ShiftRegisterTop_methodology_drc_routed.rpt -pb ShiftRegisterTop_methodology_drc_routed.pb -rpx ShiftRegisterTop_methodology_drc_routed.rpx
Command: report_methodology -file ShiftRegisterTop_methodology_drc_routed.rpt -pb ShiftRegisterTop_methodology_drc_routed.pb -rpx ShiftRegisterTop_methodology_drc_routed.rpx
INFO: [Timing 38-35] Done setting XDC timing constraints.
INFO: [Timing 38-35] Done setting XDC timing constraints.
INFO: [DRC 23-133] Running Methodology with 2 threads
INFO: [Coretcl 2-1520] The results of Report Methodology are in file C:/Users/eray.muslu/Desktop/Vivado Projects/ShiftRegister/ShiftRegister.runs/impl_1/ShiftRegisterTop_methodology_drc_routed.rpt.
report_methodology completed successfully
INFO: [runtcl-4] Executing : report_power -file ShiftRegisterTop_power_routed.rpt -pb ShiftRegisterTop_power_summary_routed.pb -rpx ShiftRegisterTop_power_routed.rpx
Command: report_power -file ShiftRegisterTop_power_routed.rpt -pb ShiftRegisterTop_power_summary_routed.pb -rpx ShiftRegisterTop_power_routed.rpx
WARNING: [Power 33-232] No user defined clocks were found in the design!
Resolution: Please specify clocks using create_clock/create_generated_clock for sequential elements. For pure combinatorial circuits, please specify a virtual clock, otherwise the vectorless estimation might be inaccurate
INFO: [Timing 38-35] Done setting XDC timing constraints.
Running Vector-less Activity Propagation...

Finished Running Vector-less Activity Propagation
66 Infos, 44 Warnings, 43 Critical Warnings and 0 Errors encountered.
report_power completed successfully
INFO: [runtcl-4] Executing : report_route_status -file ShiftRegisterTop_route_status.rpt -pb ShiftRegisterTop_route_status.pb
INFO: [runtcl-4] Executing : report_timing_summary -max_paths 10 -file ShiftRegisterTop_timing_summary_routed.rpt -rpx ShiftRegisterTop_timing_summary_routed.rpx -warn_on_violation 
INFO: [Timing 38-91] UpdateTimingParams: Speed grade: -1, Delay Type: min_max.
INFO: [Timing 38-191] Multithreading enabled for timing update using a maximum of 2 CPUs
WARNING: [Timing 38-313] There are no user specified timing constraints. Timing constraints are needed for proper timing analysis.
INFO: [runtcl-4] Executing : report_incremental_reuse -file ShiftRegisterTop_incremental_reuse_routed.rpt
INFO: [Vivado_Tcl 4-545] No incremental reuse to report, no incremental placement and routing data was found.
INFO: [runtcl-4] Executing : report_clock_utilization -file ShiftRegisterTop_clock_utilization_routed.rpt
Command: write_bitstream -force ShiftRegisterTop.bit
Attempting to get a license for feature 'Implementation' and/or device 'xc7z020'
INFO: [Common 17-349] Got license for feature 'Implementation' and/or device 'xc7z020'
Running DRC as a precondition to command write_bitstream
INFO: [IP_Flow 19-1839] IP Catalog is up to date.
INFO: [DRC 23-27] Running DRC with 2 threads
WARNING: [DRC ZPS7-1] PS7 block required: The PS7 cell must be used in this Zynq design in order to enable correct default configuration.
INFO: [Vivado 12-3199] DRC finished with 0 Errors, 1 Warnings
INFO: [Vivado 12-3200] Please refer to the DRC report (report_drc) for more information.
INFO: [Project 1-821] Please set project.enableDesignId to be 'true'.
INFO: [Designutils 20-2272] Running write_bitstream with 2 threads.
Loading data files...
Loading site data...
Loading route data...
Processing options...
Creating bitmap...
Creating bitstream...
Writing bitstream ./ShiftRegisterTop.bit...
INFO: [Vivado 12-1842] Bitgen Completed Successfully.
INFO: [Project 1-120] WebTalk data collection is mandatory when using a WebPACK part without a full Vivado license. To see the specific WebTalk data collected for your design, open the usage_statistics_webtalk.html or usage_statistics_webtalk.xml file in the implementation directory.
Access is denied.
Access is denied.
INFO: [Common 17-83] Releasing license: Implementation
83 Infos, 46 Warnings, 43 Critical Warnings and 0 Errors encountered.
write_bitstream completed successfully
write_bitstream: Time (s): cpu = 00:00:12 ; elapsed = 00:00:11 . Memory (MB): peak = 1739.223 ; gain = 422.559
INFO: [Common 17-206] Exiting Vivado at Wed May  2 13:55:19 2018...
